time: 0 [1] signal: 5 syscall: 11
time: 0 [2] signal: 5 syscall: 122
time: 0 [3] signal: 5 syscall: 122
time: 0 [4] signal: 5 syscall: 45
time: 0 [5] signal: 5 syscall: 45
time: 0 [6] signal: 5 syscall: 45
time: 0 [7] signal: 5 syscall: 45
time: 0 [8] signal: 5 syscall: 243
time: 0 [9] signal: 5 syscall: 243
time: 0 [10] signal: 5 syscall: 45
time: 0 [11] signal: 5 syscall: 45
time: 0 [12] signal: 5 syscall: 45
time: 0 [13] signal: 5 syscall: 45
time: 0 [14] signal: 5 syscall: 197
time: 0 [15] signal: 5 syscall: 197
time: 0 [16] signal: 5 syscall: 192
time: 0 [17] signal: 5 syscall: 192
time: 0 [18] signal: 5 syscall: 3
time: 0 [19] signal: 5 syscall: 3
time: 1000 [20] signal: 10 time: 2000 [21] signal: 10 TLE
